<?xml version="1.0" encoding="UTF-8"?>
<!-- Generated by org.testng.reporters.JUnitXMLReporter -->
<testsuite ignored="0" hostname="WINDOWS-MVS0HHF" failures="0" tests="4" name="Default test" time="11.125" errors="0" timestamp="2025-06-17T14:27:05 IST">
  <testcase classname="TestPack.HomePage_Links" name="verifyBlogsPageLink" time="3.969"/>
  <testcase classname="TestPack.HomePage_Links" name="verifyConsumerPageLink" time="1.722"/>
  <testcase classname="TestPack.HomePage_Links" name="verifyDoctorsPageLink" time="1.576"/>
  <testcase classname="TestPack.HomePage_Links" name="verifyProviderPageLink" time="1.041"/>
</testsuite> <!-- Default test -->
