<?xml version="1.0" encoding="UTF-8"?>
<testng-results ignored="0" total="4" passed="4" failed="0" skipped="0">
  <reporter-output>
  </reporter-output>
  <suite started-at="2025-06-17T14:26:54 IST" name="Default suite" finished-at="2025-06-17T14:27:05 IST" duration-ms="11125">
    <groups>
    </groups>
    <test started-at="2025-06-17T14:26:54 IST" name="Default test" finished-at="2025-06-17T14:27:05 IST" duration-ms="11125">
      <class name="TestPack.HomePage_Links">
        <test-method is-config="true" signature="beforeClass()[pri:0, instance:TestPack.HomePage_Links@74e52ef6]" started-at="2025-06-17T14:26:54 IST" name="beforeClass" finished-at="2025-06-17T14:26:57 IST" duration-ms="2757" status="PASS">
          <reporter-output>
          </reporter-output>
        </test-method> <!-- beforeClass -->
        <test-method signature="verifyBlogsPageLink()[pri:0, instance:TestPack.HomePage_Links@74e52ef6]" started-at="2025-06-17T14:26:57 IST" name="verifyBlogsPageLink" finished-at="2025-06-17T14:27:01 IST" duration-ms="3969" status="PASS">
          <reporter-output>
          </reporter-output>
        </test-method> <!-- verifyBlogsPageLink -->
        <test-method signature="verifyConsumerPageLink()[pri:0, instance:TestPack.HomePage_Links@74e52ef6]" started-at="2025-06-17T14:27:01 IST" name="verifyConsumerPageLink" finished-at="2025-06-17T14:27:03 IST" duration-ms="1722" status="PASS">
          <reporter-output>
          </reporter-output>
        </test-method> <!-- verifyConsumerPageLink -->
        <test-method signature="verifyDoctorsPageLink()[pri:0, instance:TestPack.HomePage_Links@74e52ef6]" started-at="2025-06-17T14:27:03 IST" name="verifyDoctorsPageLink" finished-at="2025-06-17T14:27:04 IST" duration-ms="1576" status="PASS">
          <reporter-output>
          </reporter-output>
        </test-method> <!-- verifyDoctorsPageLink -->
        <test-method signature="verifyProviderPageLink()[pri:0, instance:TestPack.HomePage_Links@74e52ef6]" started-at="2025-06-17T14:27:04 IST" name="verifyProviderPageLink" finished-at="2025-06-17T14:27:05 IST" duration-ms="1041" status="PASS">
          <reporter-output>
          </reporter-output>
        </test-method> <!-- verifyProviderPageLink -->
      </class> <!-- TestPack.HomePage_Links -->
    </test> <!-- Default test -->
  </suite> <!-- Default suite -->
</testng-results>
